2023-10-29 14:50:40,896 - debug_logger - DEBUG - Task 1 completed
2023-10-29 14:50:40,898 - debug_logger - DEBUG - Task 1 updated successfully
2023-10-29 14:50:40,904 - debug_logger - DEBUG - date changed
2023-10-29 14:50:40,905 - debug_logger - DEBUG - date changed
2023-10-29 14:50:40,905 - debug_logger - DEBUG - date changed
2023-10-29 14:50:40,907 - debug_logger - DEBUG - Task 1 added successfully
2023-10-29 14:50:40,909 - debug_logger - DEBUG - Task 1 added successfully
2023-10-29 14:50:40,909 - debug_logger - DEBUG - Task 2 added successfully
2023-10-29 14:50:40,910 - debug_logger - DEBUG - Task 1 added successfully
2023-10-29 14:50:40,910 - debug_logger - DEBUG - Task 1 completed
2023-10-29 14:50:40,911 - debug_logger - DEBUG - Task 1 added successfully
2023-10-29 14:50:40,912 - debug_logger - DEBUG - Task 1 removed successfully
2023-10-29 14:50:40,916 - debug_logger - DEBUG - No tasks
2023-10-29 14:50:40,918 - debug_logger - DEBUG - Task 1 added successfully
2023-10-29 14:50:40,918 - debug_logger - DEBUG - Tasks are displayed
2023-10-29 14:50:40,919 - debug_logger - DEBUG - Tasks are displayed
2023-10-29 14:50:40,920 - debug_logger - DEBUG - Task 1 added successfully
2023-10-29 14:50:40,920 - debug_logger - DEBUG - Task 2 added successfully
2023-10-29 14:50:40,920 - debug_logger - DEBUG - Tasks are displayed
2023-10-29 14:50:40,920 - debug_logger - DEBUG - Tasks are displayed
2023-10-29 14:50:40,921 - debug_logger - DEBUG - Task 1 added successfully
2023-10-29 14:50:40,921 - debug_logger - DEBUG - Task 1 completed
2023-10-29 14:50:40,921 - debug_logger - DEBUG - Tasks are displayed
2023-10-29 14:53:06,406 - debug_logger - DEBUG - Task 1 completed
2023-10-29 14:53:06,410 - debug_logger - DEBUG - Task 1 updated successfully
2023-10-29 14:53:06,416 - debug_logger - DEBUG - date changed
2023-10-29 14:53:06,419 - debug_logger - DEBUG - date changed
2023-10-29 14:53:06,419 - debug_logger - DEBUG - date changed
2023-10-29 14:53:06,422 - debug_logger - DEBUG - Task 1 added successfully
2023-10-29 14:53:06,424 - debug_logger - DEBUG - Task 1 added successfully
2023-10-29 14:53:06,424 - debug_logger - DEBUG - Task 2 added successfully
2023-10-29 14:53:06,426 - debug_logger - DEBUG - Task 1 added successfully
2023-10-29 14:53:06,426 - debug_logger - DEBUG - Task 1 completed
2023-10-29 14:53:06,429 - debug_logger - DEBUG - Task 1 added successfully
2023-10-29 14:53:06,430 - debug_logger - DEBUG - Task 1 removed successfully
2023-10-29 14:53:06,435 - debug_logger - DEBUG - No tasks
2023-10-29 14:53:06,439 - debug_logger - DEBUG - Task 1 added successfully
2023-10-29 14:53:06,439 - debug_logger - DEBUG - Tasks are displayed
2023-10-29 14:53:06,440 - debug_logger - DEBUG - Tasks are displayed
2023-10-29 14:53:06,442 - debug_logger - DEBUG - Task 1 added successfully
2023-10-29 14:53:06,442 - debug_logger - DEBUG - Task 2 added successfully
2023-10-29 14:53:06,442 - debug_logger - DEBUG - Tasks are displayed
2023-10-29 14:53:06,443 - debug_logger - DEBUG - Tasks are displayed
2023-10-29 14:53:06,444 - debug_logger - DEBUG - Task 1 added successfully
2023-10-29 14:53:06,445 - debug_logger - DEBUG - Task 1 completed
2023-10-29 14:53:06,445 - debug_logger - DEBUG - Tasks are displayed
2023-10-29 14:56:31,603 - debug_logger - DEBUG - Task 1 completed
2023-10-29 14:56:31,607 - debug_logger - DEBUG - Task 1 updated successfully
2023-10-29 14:56:31,612 - debug_logger - DEBUG - date changed
2023-10-29 14:56:31,614 - debug_logger - DEBUG - date changed
2023-10-29 14:56:31,614 - debug_logger - DEBUG - date changed
2023-10-29 14:56:31,618 - debug_logger - DEBUG - Task 1 added successfully
2023-10-29 14:56:31,619 - debug_logger - DEBUG - Task 1 added successfully
2023-10-29 14:56:31,620 - debug_logger - DEBUG - Task 2 added successfully
2023-10-29 14:56:31,622 - debug_logger - DEBUG - Task 1 added successfully
2023-10-29 14:56:31,623 - debug_logger - DEBUG - Task 1 completed
2023-10-29 14:56:31,625 - debug_logger - DEBUG - Task 1 added successfully
2023-10-29 14:56:31,625 - debug_logger - DEBUG - Task 1 removed successfully
2023-10-29 14:56:31,629 - debug_logger - DEBUG - No tasks
2023-10-29 14:56:31,633 - debug_logger - DEBUG - Task 1 added successfully
2023-10-29 14:56:31,633 - debug_logger - DEBUG - Tasks are displayed
2023-10-29 14:56:31,633 - debug_logger - DEBUG - Tasks are displayed
2023-10-29 14:56:31,635 - debug_logger - DEBUG - Task 1 added successfully
2023-10-29 14:56:31,635 - debug_logger - DEBUG - Task 2 added successfully
2023-10-29 14:56:31,636 - debug_logger - DEBUG - Tasks are displayed
2023-10-29 14:56:31,636 - debug_logger - DEBUG - Tasks are displayed
2023-10-29 14:56:31,638 - debug_logger - DEBUG - Task 1 added successfully
2023-10-29 14:56:31,638 - debug_logger - DEBUG - Task 1 completed
2023-10-29 14:56:31,638 - debug_logger - DEBUG - Tasks are displayed
2023-10-29 15:11:05,216 - debug_logger - DEBUG - Task 1 completed
2023-10-29 15:11:05,218 - debug_logger - DEBUG - Task 1 updated successfully
2023-10-29 15:11:05,224 - debug_logger - DEBUG - date changed
2023-10-29 15:11:05,226 - debug_logger - DEBUG - date changed
2023-10-29 15:11:05,226 - debug_logger - DEBUG - Task 1 added successfully
2023-10-29 15:11:05,227 - debug_logger - DEBUG - date changed
2023-10-29 15:11:05,228 - debug_logger - DEBUG - date changed
2023-10-29 15:11:05,231 - debug_logger - DEBUG - Task 1 added successfully
2023-10-29 15:11:05,232 - debug_logger - DEBUG - Task 1 added successfully
2023-10-29 15:11:05,232 - debug_logger - DEBUG - Task 2 added successfully
2023-10-29 15:11:05,233 - debug_logger - DEBUG - Task 1 added successfully
2023-10-29 15:11:05,233 - debug_logger - DEBUG - Task 1 completed
2023-10-29 15:11:05,234 - debug_logger - DEBUG - Task 1 added successfully
2023-10-29 15:11:05,234 - debug_logger - DEBUG - Task 1 removed successfully
2023-10-29 15:11:05,239 - debug_logger - DEBUG - No tasks
2023-10-29 15:11:05,242 - debug_logger - DEBUG - Task 1 added successfully
2023-10-29 15:11:05,242 - debug_logger - DEBUG - Tasks are displayed
2023-10-29 15:11:05,243 - debug_logger - DEBUG - Tasks are displayed
2023-10-29 15:11:05,246 - debug_logger - DEBUG - Task 1 added successfully
2023-10-29 15:11:05,246 - debug_logger - DEBUG - Task 2 added successfully
2023-10-29 15:11:05,246 - debug_logger - DEBUG - Tasks are displayed
2023-10-29 15:11:05,246 - debug_logger - DEBUG - Tasks are displayed
2023-10-29 15:11:05,248 - debug_logger - DEBUG - Task 1 added successfully
2023-10-29 15:11:05,248 - debug_logger - DEBUG - Task 1 completed
2023-10-29 15:11:05,248 - debug_logger - DEBUG - Tasks are displayed
2023-10-29 15:11:27,732 - debug_logger - DEBUG - Task 1 completed
2023-10-29 15:11:27,738 - debug_logger - DEBUG - Task 1 updated successfully
2023-10-29 15:11:27,746 - debug_logger - DEBUG - date changed
2023-10-29 15:11:27,750 - debug_logger - DEBUG - date changed
2023-10-29 15:11:27,750 - debug_logger - DEBUG - Task 1 added successfully
2023-10-29 15:11:27,752 - debug_logger - DEBUG - date changed
2023-10-29 15:11:27,752 - debug_logger - DEBUG - date changed
2023-10-29 15:11:27,756 - debug_logger - DEBUG - Task 1 added successfully
2023-10-29 15:11:27,759 - debug_logger - DEBUG - Task 1 added successfully
2023-10-29 15:11:27,759 - debug_logger - DEBUG - Task 2 added successfully
2023-10-29 15:11:27,762 - debug_logger - DEBUG - Task 1 added successfully
2023-10-29 15:11:27,762 - debug_logger - DEBUG - Task 1 completed
2023-10-29 15:11:27,764 - debug_logger - DEBUG - Task 1 added successfully
2023-10-29 15:11:27,764 - debug_logger - DEBUG - Task 1 removed successfully
2023-10-29 15:11:27,768 - debug_logger - DEBUG - No tasks
2023-10-29 15:11:27,772 - debug_logger - DEBUG - Task 1 added successfully
2023-10-29 15:11:27,772 - debug_logger - DEBUG - Tasks are displayed
2023-10-29 15:11:27,772 - debug_logger - DEBUG - Tasks are displayed
2023-10-29 15:11:27,775 - debug_logger - DEBUG - Task 1 added successfully
2023-10-29 15:11:27,775 - debug_logger - DEBUG - Task 2 added successfully
2023-10-29 15:11:27,775 - debug_logger - DEBUG - Tasks are displayed
2023-10-29 15:11:27,775 - debug_logger - DEBUG - Tasks are displayed
2023-10-29 15:11:27,777 - debug_logger - DEBUG - Task 1 added successfully
2023-10-29 15:11:27,777 - debug_logger - DEBUG - Task 1 completed
2023-10-29 15:11:27,777 - debug_logger - DEBUG - Tasks are displayed
2023-10-29 15:17:53,769 - debug_logger - DEBUG - Task 1 completed
2023-10-29 15:17:53,771 - debug_logger - DEBUG - Task 1 updated successfully
2023-10-29 15:17:53,840 - debug_logger - DEBUG - Task 1 added successfully
2023-10-29 15:17:53,842 - debug_logger - DEBUG - Task 1 added successfully
2023-10-29 15:17:53,842 - debug_logger - DEBUG - Task 2 added successfully
2023-10-29 15:17:53,843 - debug_logger - DEBUG - Task 1 added successfully
2023-10-29 15:17:53,843 - debug_logger - DEBUG - Task 1 completed
2023-10-29 15:17:53,844 - debug_logger - DEBUG - Task 1 added successfully
2023-10-29 15:17:53,844 - debug_logger - DEBUG - Task 1 removed successfully
2023-10-29 15:17:53,849 - debug_logger - DEBUG - No tasks
2023-10-29 15:17:53,857 - debug_logger - DEBUG - Task 1 added successfully
2023-10-29 15:17:53,858 - debug_logger - DEBUG - Tasks are displayed
2023-10-29 15:17:53,858 - debug_logger - DEBUG - Tasks are displayed
2023-10-29 15:17:53,863 - debug_logger - DEBUG - Task 1 added successfully
2023-10-29 15:17:53,863 - debug_logger - DEBUG - Task 2 added successfully
2023-10-29 15:17:53,863 - debug_logger - DEBUG - Tasks are displayed
2023-10-29 15:17:53,863 - debug_logger - DEBUG - Tasks are displayed
2023-10-29 15:17:53,867 - debug_logger - DEBUG - Task 1 added successfully
2023-10-29 15:17:53,868 - debug_logger - DEBUG - Task 1 completed
2023-10-29 15:17:53,868 - debug_logger - DEBUG - Tasks are displayed
2023-10-29 15:18:25,882 - debug_logger - DEBUG - Task 1 completed
2023-10-29 15:18:25,884 - debug_logger - DEBUG - Task 1 updated successfully
2023-10-29 15:18:25,945 - debug_logger - DEBUG - Task 1 added successfully
2023-10-29 15:18:25,947 - debug_logger - DEBUG - Task 1 added successfully
2023-10-29 15:18:25,948 - debug_logger - DEBUG - Task 2 added successfully
2023-10-29 15:18:25,949 - debug_logger - DEBUG - Task 1 added successfully
2023-10-29 15:18:25,950 - debug_logger - DEBUG - Task 1 completed
2023-10-29 15:18:25,952 - debug_logger - DEBUG - Task 1 added successfully
2023-10-29 15:18:25,952 - debug_logger - DEBUG - Task 1 removed successfully
2023-10-29 15:18:25,956 - debug_logger - DEBUG - No tasks
2023-10-29 15:18:25,959 - debug_logger - DEBUG - Task 1 added successfully
2023-10-29 15:18:25,960 - debug_logger - DEBUG - Tasks are displayed
2023-10-29 15:18:25,960 - debug_logger - DEBUG - Tasks are displayed
2023-10-29 15:18:25,962 - debug_logger - DEBUG - Task 1 added successfully
2023-10-29 15:18:25,962 - debug_logger - DEBUG - Task 2 added successfully
2023-10-29 15:18:25,963 - debug_logger - DEBUG - Tasks are displayed
2023-10-29 15:18:25,963 - debug_logger - DEBUG - Tasks are displayed
2023-10-29 15:18:25,966 - debug_logger - DEBUG - Task 1 added successfully
2023-10-29 15:18:25,966 - debug_logger - DEBUG - Task 1 completed
2023-10-29 15:18:25,967 - debug_logger - DEBUG - Tasks are displayed
2023-10-29 15:18:41,519 - debug_logger - DEBUG - Task 1 completed
2023-10-29 15:18:41,521 - debug_logger - DEBUG - Task 1 updated successfully
2023-10-29 15:18:41,526 - debug_logger - DEBUG - date changed
2023-10-29 15:18:41,529 - debug_logger - DEBUG - date changed
2023-10-29 15:18:41,529 - debug_logger - DEBUG - Task 1 added successfully
2023-10-29 15:18:41,531 - debug_logger - DEBUG - date changed
2023-10-29 15:18:41,531 - debug_logger - DEBUG - date changed
2023-10-29 15:18:41,539 - debug_logger - DEBUG - Task 1 added successfully
2023-10-29 15:18:41,542 - debug_logger - DEBUG - Task 1 added successfully
2023-10-29 15:18:41,542 - debug_logger - DEBUG - Task 2 added successfully
2023-10-29 15:18:41,544 - debug_logger - DEBUG - Task 1 added successfully
2023-10-29 15:18:41,544 - debug_logger - DEBUG - Task 1 completed
2023-10-29 15:18:41,546 - debug_logger - DEBUG - Task 1 added successfully
2023-10-29 15:18:41,546 - debug_logger - DEBUG - Task 1 removed successfully
2023-10-29 15:18:41,551 - debug_logger - DEBUG - No tasks
2023-10-29 15:18:41,555 - debug_logger - DEBUG - Task 1 added successfully
2023-10-29 15:18:41,556 - debug_logger - DEBUG - Tasks are displayed
2023-10-29 15:18:41,556 - debug_logger - DEBUG - Tasks are displayed
2023-10-29 15:18:41,558 - debug_logger - DEBUG - Task 1 added successfully
2023-10-29 15:18:41,558 - debug_logger - DEBUG - Task 2 added successfully
2023-10-29 15:18:41,558 - debug_logger - DEBUG - Tasks are displayed
2023-10-29 15:18:41,558 - debug_logger - DEBUG - Tasks are displayed
2023-10-29 15:18:41,561 - debug_logger - DEBUG - Task 1 added successfully
2023-10-29 15:18:41,561 - debug_logger - DEBUG - Task 1 completed
2023-10-29 15:18:41,561 - debug_logger - DEBUG - Tasks are displayed
2023-10-29 15:19:55,119 - debug_logger - DEBUG - Task 1 completed
2023-10-29 15:19:55,120 - debug_logger - DEBUG - Task 1 updated successfully
2023-10-29 15:19:55,124 - debug_logger - DEBUG - date changed
2023-10-29 15:19:55,126 - debug_logger - DEBUG - date changed
2023-10-29 15:19:55,126 - debug_logger - DEBUG - Task 1 added successfully
2023-10-29 15:19:55,127 - debug_logger - DEBUG - date changed
2023-10-29 15:19:55,127 - debug_logger - DEBUG - date changed
2023-10-29 15:19:55,129 - debug_logger - DEBUG - Task 1 added successfully
2023-10-29 15:19:55,131 - debug_logger - DEBUG - Task 1 added successfully
2023-10-29 15:19:55,131 - debug_logger - DEBUG - Task 2 added successfully
2023-10-29 15:19:55,134 - debug_logger - DEBUG - Task 1 added successfully
2023-10-29 15:19:55,134 - debug_logger - DEBUG - Task 2 added successfully
2023-10-29 15:19:55,134 - debug_logger - DEBUG - Task 3 added successfully
2023-10-29 15:19:55,134 - debug_logger - DEBUG - Task 4 added successfully
2023-10-29 15:19:55,134 - debug_logger - DEBUG - Task 5 added successfully
2023-10-29 15:19:55,134 - debug_logger - DEBUG - Task 6 added successfully
2023-10-29 15:19:55,135 - debug_logger - DEBUG - Task 7 added successfully
2023-10-29 15:19:55,135 - debug_logger - DEBUG - Task 8 added successfully
2023-10-29 15:19:55,135 - debug_logger - DEBUG - Task 9 added successfully
2023-10-29 15:19:55,135 - debug_logger - DEBUG - Task 10 added successfully
2023-10-29 15:19:55,135 - debug_logger - DEBUG - Task 11 added successfully
2023-10-29 15:19:55,135 - debug_logger - DEBUG - Task 12 added successfully
2023-10-29 15:19:55,135 - debug_logger - DEBUG - Task 13 added successfully
2023-10-29 15:19:55,135 - debug_logger - DEBUG - Task 14 added successfully
2023-10-29 15:19:55,135 - debug_logger - DEBUG - Task 15 added successfully
2023-10-29 15:19:55,135 - debug_logger - DEBUG - Task 16 added successfully
2023-10-29 15:19:55,135 - debug_logger - DEBUG - Task 17 added successfully
2023-10-29 15:19:55,135 - debug_logger - DEBUG - Task 18 added successfully
2023-10-29 15:19:55,135 - debug_logger - DEBUG - Task 19 added successfully
2023-10-29 15:19:55,135 - debug_logger - DEBUG - Task 20 added successfully
2023-10-29 15:19:55,135 - debug_logger - DEBUG - Task 21 added successfully
2023-10-29 15:19:55,135 - debug_logger - DEBUG - Task 22 added successfully
2023-10-29 15:19:55,136 - debug_logger - DEBUG - Task 23 added successfully
2023-10-29 15:19:55,136 - debug_logger - DEBUG - Task 24 added successfully
2023-10-29 15:19:55,136 - debug_logger - DEBUG - Task 25 added successfully
2023-10-29 15:19:55,136 - debug_logger - DEBUG - Task 26 added successfully
2023-10-29 15:19:55,136 - debug_logger - DEBUG - Task 27 added successfully
2023-10-29 15:19:55,136 - debug_logger - DEBUG - Task 28 added successfully
2023-10-29 15:19:55,136 - debug_logger - DEBUG - Task 29 added successfully
2023-10-29 15:19:55,136 - debug_logger - DEBUG - Task 30 added successfully
2023-10-29 15:19:55,136 - debug_logger - DEBUG - Task 31 added successfully
2023-10-29 15:19:55,136 - debug_logger - DEBUG - Task 32 added successfully
2023-10-29 15:19:55,136 - debug_logger - DEBUG - Task 33 added successfully
2023-10-29 15:19:55,136 - debug_logger - DEBUG - Task 34 added successfully
2023-10-29 15:19:55,136 - debug_logger - DEBUG - Task 35 added successfully
2023-10-29 15:19:55,136 - debug_logger - DEBUG - Task 36 added successfully
2023-10-29 15:19:55,136 - debug_logger - DEBUG - Task 37 added successfully
2023-10-29 15:19:55,136 - debug_logger - DEBUG - Task 38 added successfully
2023-10-29 15:19:55,136 - debug_logger - DEBUG - Task 39 added successfully
2023-10-29 15:19:55,137 - debug_logger - DEBUG - Task 40 added successfully
2023-10-29 15:19:55,137 - debug_logger - DEBUG - Task 41 added successfully
2023-10-29 15:19:55,137 - debug_logger - DEBUG - Task 42 added successfully
2023-10-29 15:19:55,137 - debug_logger - DEBUG - Task 43 added successfully
2023-10-29 15:19:55,137 - debug_logger - DEBUG - Task 44 added successfully
2023-10-29 15:19:55,137 - debug_logger - DEBUG - Task 45 added successfully
2023-10-29 15:19:55,137 - debug_logger - DEBUG - Task 46 added successfully
2023-10-29 15:19:55,137 - debug_logger - DEBUG - Task 47 added successfully
2023-10-29 15:19:55,137 - debug_logger - DEBUG - Task 48 added successfully
2023-10-29 15:19:55,137 - debug_logger - DEBUG - Task 49 added successfully
2023-10-29 15:19:55,137 - debug_logger - DEBUG - Task 50 added successfully
2023-10-29 15:19:55,137 - debug_logger - DEBUG - Task 51 added successfully
2023-10-29 15:19:55,137 - debug_logger - DEBUG - Task 52 added successfully
2023-10-29 15:19:55,137 - debug_logger - DEBUG - Task 53 added successfully
2023-10-29 15:19:55,137 - debug_logger - DEBUG - Task 54 added successfully
2023-10-29 15:19:55,137 - debug_logger - DEBUG - Task 55 added successfully
2023-10-29 15:19:55,137 - debug_logger - DEBUG - Task 56 added successfully
2023-10-29 15:19:55,138 - debug_logger - DEBUG - Task 57 added successfully
2023-10-29 15:19:55,138 - debug_logger - DEBUG - Task 58 added successfully
2023-10-29 15:19:55,138 - debug_logger - DEBUG - Task 59 added successfully
2023-10-29 15:19:55,138 - debug_logger - DEBUG - Task 60 added successfully
2023-10-29 15:19:55,138 - debug_logger - DEBUG - Task 61 added successfully
2023-10-29 15:19:55,138 - debug_logger - DEBUG - Task 62 added successfully
2023-10-29 15:19:55,138 - debug_logger - DEBUG - Task 63 added successfully
2023-10-29 15:19:55,138 - debug_logger - DEBUG - Task 64 added successfully
2023-10-29 15:19:55,138 - debug_logger - DEBUG - Task 65 added successfully
2023-10-29 15:19:55,138 - debug_logger - DEBUG - Task 66 added successfully
2023-10-29 15:19:55,138 - debug_logger - DEBUG - Task 67 added successfully
2023-10-29 15:19:55,138 - debug_logger - DEBUG - Task 68 added successfully
2023-10-29 15:19:55,138 - debug_logger - DEBUG - Task 69 added successfully
2023-10-29 15:19:55,138 - debug_logger - DEBUG - Task 70 added successfully
2023-10-29 15:19:55,138 - debug_logger - DEBUG - Task 71 added successfully
2023-10-29 15:19:55,138 - debug_logger - DEBUG - Task 72 added successfully
2023-10-29 15:19:55,138 - debug_logger - DEBUG - Task 73 added successfully
2023-10-29 15:19:55,139 - debug_logger - DEBUG - Task 74 added successfully
2023-10-29 15:19:55,139 - debug_logger - DEBUG - Task 75 added successfully
2023-10-29 15:19:55,139 - debug_logger - DEBUG - Task 76 added successfully
2023-10-29 15:19:55,139 - debug_logger - DEBUG - Task 77 added successfully
2023-10-29 15:19:55,139 - debug_logger - DEBUG - Task 78 added successfully
2023-10-29 15:19:55,139 - debug_logger - DEBUG - Task 79 added successfully
2023-10-29 15:19:55,139 - debug_logger - DEBUG - Task 80 added successfully
2023-10-29 15:19:55,139 - debug_logger - DEBUG - Task 81 added successfully
2023-10-29 15:19:55,139 - debug_logger - DEBUG - Task 82 added successfully
2023-10-29 15:19:55,139 - debug_logger - DEBUG - Task 83 added successfully
2023-10-29 15:19:55,139 - debug_logger - DEBUG - Task 84 added successfully
2023-10-29 15:19:55,139 - debug_logger - DEBUG - Task 85 added successfully
2023-10-29 15:19:55,139 - debug_logger - DEBUG - Task 86 added successfully
2023-10-29 15:19:55,139 - debug_logger - DEBUG - Task 87 added successfully
2023-10-29 15:19:55,139 - debug_logger - DEBUG - Task 88 added successfully
2023-10-29 15:19:55,139 - debug_logger - DEBUG - Task 89 added successfully
2023-10-29 15:19:55,139 - debug_logger - DEBUG - Task 90 added successfully
2023-10-29 15:19:55,140 - debug_logger - DEBUG - Task 91 added successfully
2023-10-29 15:19:55,140 - debug_logger - DEBUG - Task 92 added successfully
2023-10-29 15:19:55,140 - debug_logger - DEBUG - Task 93 added successfully
2023-10-29 15:19:55,140 - debug_logger - DEBUG - Task 94 added successfully
2023-10-29 15:19:55,140 - debug_logger - DEBUG - Task 95 added successfully
2023-10-29 15:19:55,140 - debug_logger - DEBUG - Task 96 added successfully
2023-10-29 15:19:55,140 - debug_logger - DEBUG - Task 97 added successfully
2023-10-29 15:19:55,140 - debug_logger - DEBUG - Task 98 added successfully
2023-10-29 15:19:55,140 - debug_logger - DEBUG - Task 99 added successfully
2023-10-29 15:19:55,140 - debug_logger - DEBUG - Task 100 added successfully
2023-10-29 15:19:55,141 - debug_logger - DEBUG - Task 1 added successfully
2023-10-29 15:19:55,142 - debug_logger - DEBUG - Task 1 completed
2023-10-29 15:19:55,142 - debug_logger - DEBUG - Task 1 added successfully
2023-10-29 15:19:55,142 - debug_logger - DEBUG - Task 1 removed successfully
2023-10-29 15:19:55,147 - debug_logger - DEBUG - No tasks
2023-10-29 15:19:55,152 - debug_logger - DEBUG - Task 1 added successfully
2023-10-29 15:19:55,152 - debug_logger - DEBUG - Tasks are displayed
2023-10-29 15:19:55,153 - debug_logger - DEBUG - Tasks are displayed
2023-10-29 15:19:55,155 - debug_logger - DEBUG - Task 1 added successfully
2023-10-29 15:19:55,156 - debug_logger - DEBUG - Task 2 added successfully
2023-10-29 15:19:55,156 - debug_logger - DEBUG - Tasks are displayed
2023-10-29 15:19:55,156 - debug_logger - DEBUG - Tasks are displayed
2023-10-29 15:19:55,159 - debug_logger - DEBUG - Task 1 added successfully
2023-10-29 15:19:55,159 - debug_logger - DEBUG - Task 1 completed
2023-10-29 15:19:55,160 - debug_logger - DEBUG - Tasks are displayed
2023-10-29 15:20:15,537 - debug_logger - DEBUG - Task 1 completed
2023-10-29 15:20:15,538 - debug_logger - DEBUG - Task 1 updated successfully
2023-10-29 15:20:15,541 - debug_logger - DEBUG - date changed
2023-10-29 15:20:15,542 - debug_logger - DEBUG - date changed
2023-10-29 15:20:15,542 - debug_logger - DEBUG - Task 1 added successfully
2023-10-29 15:20:15,543 - debug_logger - DEBUG - date changed
2023-10-29 15:20:15,543 - debug_logger - DEBUG - date changed
2023-10-29 15:20:15,545 - debug_logger - DEBUG - Task 1 added successfully
2023-10-29 15:20:15,546 - debug_logger - DEBUG - Task 1 added successfully
2023-10-29 15:20:15,547 - debug_logger - DEBUG - Task 2 added successfully
2023-10-29 15:20:15,549 - debug_logger - DEBUG - Task 1 added successfully
2023-10-29 15:20:15,549 - debug_logger - DEBUG - Task 2 added successfully
2023-10-29 15:20:15,549 - debug_logger - DEBUG - Task 3 added successfully
2023-10-29 15:20:15,549 - debug_logger - DEBUG - Task 4 added successfully
2023-10-29 15:20:15,549 - debug_logger - DEBUG - Task 5 added successfully
2023-10-29 15:20:15,549 - debug_logger - DEBUG - Task 6 added successfully
2023-10-29 15:20:15,549 - debug_logger - DEBUG - Task 7 added successfully
2023-10-29 15:20:15,550 - debug_logger - DEBUG - Task 8 added successfully
2023-10-29 15:20:15,550 - debug_logger - DEBUG - Task 9 added successfully
2023-10-29 15:20:15,550 - debug_logger - DEBUG - Task 10 added successfully
2023-10-29 15:20:15,550 - debug_logger - DEBUG - Task 11 added successfully
2023-10-29 15:20:15,550 - debug_logger - DEBUG - Task 12 added successfully
2023-10-29 15:20:15,550 - debug_logger - DEBUG - Task 13 added successfully
2023-10-29 15:20:15,550 - debug_logger - DEBUG - Task 14 added successfully
2023-10-29 15:20:15,550 - debug_logger - DEBUG - Task 15 added successfully
2023-10-29 15:20:15,550 - debug_logger - DEBUG - Task 16 added successfully
2023-10-29 15:20:15,550 - debug_logger - DEBUG - Task 17 added successfully
2023-10-29 15:20:15,550 - debug_logger - DEBUG - Task 18 added successfully
2023-10-29 15:20:15,550 - debug_logger - DEBUG - Task 19 added successfully
2023-10-29 15:20:15,550 - debug_logger - DEBUG - Task 20 added successfully
2023-10-29 15:20:15,550 - debug_logger - DEBUG - Task 21 added successfully
2023-10-29 15:20:15,551 - debug_logger - DEBUG - Task 22 added successfully
2023-10-29 15:20:15,551 - debug_logger - DEBUG - Task 23 added successfully
2023-10-29 15:20:15,551 - debug_logger - DEBUG - Task 24 added successfully
2023-10-29 15:20:15,551 - debug_logger - DEBUG - Task 25 added successfully
2023-10-29 15:20:15,551 - debug_logger - DEBUG - Task 26 added successfully
2023-10-29 15:20:15,551 - debug_logger - DEBUG - Task 27 added successfully
2023-10-29 15:20:15,551 - debug_logger - DEBUG - Task 28 added successfully
2023-10-29 15:20:15,551 - debug_logger - DEBUG - Task 29 added successfully
2023-10-29 15:20:15,551 - debug_logger - DEBUG - Task 30 added successfully
2023-10-29 15:20:15,551 - debug_logger - DEBUG - Task 31 added successfully
2023-10-29 15:20:15,551 - debug_logger - DEBUG - Task 32 added successfully
2023-10-29 15:20:15,551 - debug_logger - DEBUG - Task 33 added successfully
2023-10-29 15:20:15,551 - debug_logger - DEBUG - Task 34 added successfully
2023-10-29 15:20:15,551 - debug_logger - DEBUG - Task 35 added successfully
2023-10-29 15:20:15,551 - debug_logger - DEBUG - Task 36 added successfully
2023-10-29 15:20:15,551 - debug_logger - DEBUG - Task 37 added successfully
2023-10-29 15:20:15,551 - debug_logger - DEBUG - Task 38 added successfully
2023-10-29 15:20:15,551 - debug_logger - DEBUG - Task 39 added successfully
2023-10-29 15:20:15,551 - debug_logger - DEBUG - Task 40 added successfully
2023-10-29 15:20:15,551 - debug_logger - DEBUG - Task 41 added successfully
2023-10-29 15:20:15,551 - debug_logger - DEBUG - Task 42 added successfully
2023-10-29 15:20:15,551 - debug_logger - DEBUG - Task 43 added successfully
2023-10-29 15:20:15,551 - debug_logger - DEBUG - Task 44 added successfully
2023-10-29 15:20:15,551 - debug_logger - DEBUG - Task 45 added successfully
2023-10-29 15:20:15,552 - debug_logger - DEBUG - Task 46 added successfully
2023-10-29 15:20:15,552 - debug_logger - DEBUG - Task 47 added successfully
2023-10-29 15:20:15,552 - debug_logger - DEBUG - Task 48 added successfully
2023-10-29 15:20:15,552 - debug_logger - DEBUG - Task 49 added successfully
2023-10-29 15:20:15,552 - debug_logger - DEBUG - Task 50 added successfully
2023-10-29 15:20:15,552 - debug_logger - DEBUG - Task 51 added successfully
2023-10-29 15:20:15,552 - debug_logger - DEBUG - Task 52 added successfully
2023-10-29 15:20:15,552 - debug_logger - DEBUG - Task 53 added successfully
2023-10-29 15:20:15,552 - debug_logger - DEBUG - Task 54 added successfully
2023-10-29 15:20:15,552 - debug_logger - DEBUG - Task 55 added successfully
2023-10-29 15:20:15,552 - debug_logger - DEBUG - Task 56 added successfully
2023-10-29 15:20:15,552 - debug_logger - DEBUG - Task 57 added successfully
2023-10-29 15:20:15,552 - debug_logger - DEBUG - Task 58 added successfully
2023-10-29 15:20:15,552 - debug_logger - DEBUG - Task 59 added successfully
2023-10-29 15:20:15,552 - debug_logger - DEBUG - Task 60 added successfully
2023-10-29 15:20:15,552 - debug_logger - DEBUG - Task 61 added successfully
2023-10-29 15:20:15,552 - debug_logger - DEBUG - Task 62 added successfully
2023-10-29 15:20:15,552 - debug_logger - DEBUG - Task 63 added successfully
2023-10-29 15:20:15,552 - debug_logger - DEBUG - Task 64 added successfully
2023-10-29 15:20:15,552 - debug_logger - DEBUG - Task 65 added successfully
2023-10-29 15:20:15,553 - debug_logger - DEBUG - Task 66 added successfully
2023-10-29 15:20:15,553 - debug_logger - DEBUG - Task 67 added successfully
2023-10-29 15:20:15,553 - debug_logger - DEBUG - Task 68 added successfully
2023-10-29 15:20:15,553 - debug_logger - DEBUG - Task 69 added successfully
2023-10-29 15:20:15,553 - debug_logger - DEBUG - Task 70 added successfully
2023-10-29 15:20:15,553 - debug_logger - DEBUG - Task 71 added successfully
2023-10-29 15:20:15,553 - debug_logger - DEBUG - Task 72 added successfully
2023-10-29 15:20:15,553 - debug_logger - DEBUG - Task 73 added successfully
2023-10-29 15:20:15,553 - debug_logger - DEBUG - Task 74 added successfully
2023-10-29 15:20:15,553 - debug_logger - DEBUG - Task 75 added successfully
2023-10-29 15:20:15,553 - debug_logger - DEBUG - Task 76 added successfully
2023-10-29 15:20:15,553 - debug_logger - DEBUG - Task 77 added successfully
2023-10-29 15:20:15,553 - debug_logger - DEBUG - Task 78 added successfully
2023-10-29 15:20:15,553 - debug_logger - DEBUG - Task 79 added successfully
2023-10-29 15:20:15,553 - debug_logger - DEBUG - Task 80 added successfully
2023-10-29 15:20:15,553 - debug_logger - DEBUG - Task 81 added successfully
2023-10-29 15:20:15,553 - debug_logger - DEBUG - Task 82 added successfully
2023-10-29 15:20:15,553 - debug_logger - DEBUG - Task 83 added successfully
2023-10-29 15:20:15,553 - debug_logger - DEBUG - Task 84 added successfully
2023-10-29 15:20:15,553 - debug_logger - DEBUG - Task 85 added successfully
2023-10-29 15:20:15,553 - debug_logger - DEBUG - Task 86 added successfully
2023-10-29 15:20:15,554 - debug_logger - DEBUG - Task 87 added successfully
2023-10-29 15:20:15,554 - debug_logger - DEBUG - Task 88 added successfully
2023-10-29 15:20:15,554 - debug_logger - DEBUG - Task 89 added successfully
2023-10-29 15:20:15,554 - debug_logger - DEBUG - Task 90 added successfully
2023-10-29 15:20:15,554 - debug_logger - DEBUG - Task 91 added successfully
2023-10-29 15:20:15,554 - debug_logger - DEBUG - Task 92 added successfully
2023-10-29 15:20:15,554 - debug_logger - DEBUG - Task 93 added successfully
2023-10-29 15:20:15,554 - debug_logger - DEBUG - Task 94 added successfully
2023-10-29 15:20:15,554 - debug_logger - DEBUG - Task 95 added successfully
2023-10-29 15:20:15,554 - debug_logger - DEBUG - Task 96 added successfully
2023-10-29 15:20:15,554 - debug_logger - DEBUG - Task 97 added successfully
2023-10-29 15:20:15,554 - debug_logger - DEBUG - Task 98 added successfully
2023-10-29 15:20:15,554 - debug_logger - DEBUG - Task 99 added successfully
2023-10-29 15:20:15,554 - debug_logger - DEBUG - Task 100 added successfully
2023-10-29 15:20:15,555 - debug_logger - DEBUG - Task 1 added successfully
2023-10-29 15:20:15,555 - debug_logger - DEBUG - Task 1 completed
2023-10-29 15:20:15,557 - debug_logger - DEBUG - Task 1 added successfully
2023-10-29 15:20:15,557 - debug_logger - DEBUG - Task 1 removed successfully
2023-10-29 15:20:15,561 - debug_logger - DEBUG - No tasks
2023-10-29 15:20:15,564 - debug_logger - DEBUG - Task 1 added successfully
2023-10-29 15:20:15,565 - debug_logger - DEBUG - Tasks are displayed
2023-10-29 15:20:15,565 - debug_logger - DEBUG - Tasks are displayed
2023-10-29 15:20:15,567 - debug_logger - DEBUG - Task 1 added successfully
2023-10-29 15:20:15,567 - debug_logger - DEBUG - Task 2 added successfully
2023-10-29 15:20:15,567 - debug_logger - DEBUG - Tasks are displayed
2023-10-29 15:20:15,568 - debug_logger - DEBUG - Tasks are displayed
2023-10-29 15:20:15,570 - debug_logger - DEBUG - Task 1 added successfully
2023-10-29 15:20:15,570 - debug_logger - DEBUG - Task 1 completed
2023-10-29 15:20:15,570 - debug_logger - DEBUG - Tasks are displayed
2023-10-29 16:28:23,800 - debug_logger - DEBUG - Task 1 completed
2023-10-29 16:28:23,802 - debug_logger - DEBUG - Task 1 updated successfully
2023-10-29 16:28:23,811 - debug_logger - DEBUG - date changed
2023-10-29 16:28:23,815 - debug_logger - DEBUG - date changed
2023-10-29 16:28:23,815 - debug_logger - DEBUG - Task 1 added successfully
2023-10-29 16:28:23,818 - debug_logger - DEBUG - date changed
2023-10-29 16:28:23,819 - debug_logger - DEBUG - date changed
2023-10-29 16:28:23,825 - debug_logger - DEBUG - Task 1 added successfully
2023-10-29 16:28:23,826 - debug_logger - DEBUG - Task 1 added successfully
2023-10-29 16:28:23,826 - debug_logger - DEBUG - Task 2 added successfully
2023-10-29 16:28:23,828 - debug_logger - DEBUG - Task 1 added successfully
2023-10-29 16:28:23,828 - debug_logger - DEBUG - Task 2 added successfully
2023-10-29 16:28:23,828 - debug_logger - DEBUG - Task 3 added successfully
2023-10-29 16:28:23,828 - debug_logger - DEBUG - Task 4 added successfully
2023-10-29 16:28:23,828 - debug_logger - DEBUG - Task 5 added successfully
2023-10-29 16:28:23,828 - debug_logger - DEBUG - Task 6 added successfully
2023-10-29 16:28:23,828 - debug_logger - DEBUG - Task 7 added successfully
2023-10-29 16:28:23,828 - debug_logger - DEBUG - Task 8 added successfully
2023-10-29 16:28:23,828 - debug_logger - DEBUG - Task 9 added successfully
2023-10-29 16:28:23,828 - debug_logger - DEBUG - Task 10 added successfully
2023-10-29 16:28:23,828 - debug_logger - DEBUG - Task 11 added successfully
2023-10-29 16:28:23,828 - debug_logger - DEBUG - Task 12 added successfully
2023-10-29 16:28:23,828 - debug_logger - DEBUG - Task 13 added successfully
2023-10-29 16:28:23,828 - debug_logger - DEBUG - Task 14 added successfully
2023-10-29 16:28:23,828 - debug_logger - DEBUG - Task 15 added successfully
2023-10-29 16:28:23,828 - debug_logger - DEBUG - Task 16 added successfully
2023-10-29 16:28:23,829 - debug_logger - DEBUG - Task 17 added successfully
2023-10-29 16:28:23,829 - debug_logger - DEBUG - Task 18 added successfully
2023-10-29 16:28:23,829 - debug_logger - DEBUG - Task 19 added successfully
2023-10-29 16:28:23,829 - debug_logger - DEBUG - Task 20 added successfully
2023-10-29 16:28:23,829 - debug_logger - DEBUG - Task 21 added successfully
2023-10-29 16:28:23,829 - debug_logger - DEBUG - Task 22 added successfully
2023-10-29 16:28:23,829 - debug_logger - DEBUG - Task 23 added successfully
2023-10-29 16:28:23,829 - debug_logger - DEBUG - Task 24 added successfully
2023-10-29 16:28:23,829 - debug_logger - DEBUG - Task 25 added successfully
2023-10-29 16:28:23,829 - debug_logger - DEBUG - Task 26 added successfully
2023-10-29 16:28:23,829 - debug_logger - DEBUG - Task 27 added successfully
2023-10-29 16:28:23,829 - debug_logger - DEBUG - Task 28 added successfully
2023-10-29 16:28:23,829 - debug_logger - DEBUG - Task 29 added successfully
2023-10-29 16:28:23,829 - debug_logger - DEBUG - Task 30 added successfully
2023-10-29 16:28:23,829 - debug_logger - DEBUG - Task 31 added successfully
2023-10-29 16:28:23,829 - debug_logger - DEBUG - Task 32 added successfully
2023-10-29 16:28:23,829 - debug_logger - DEBUG - Task 33 added successfully
2023-10-29 16:28:23,830 - debug_logger - DEBUG - Task 34 added successfully
2023-10-29 16:28:23,830 - debug_logger - DEBUG - Task 35 added successfully
2023-10-29 16:28:23,830 - debug_logger - DEBUG - Task 36 added successfully
2023-10-29 16:28:23,830 - debug_logger - DEBUG - Task 37 added successfully
2023-10-29 16:28:23,830 - debug_logger - DEBUG - Task 38 added successfully
2023-10-29 16:28:23,830 - debug_logger - DEBUG - Task 39 added successfully
2023-10-29 16:28:23,830 - debug_logger - DEBUG - Task 40 added successfully
2023-10-29 16:28:23,830 - debug_logger - DEBUG - Task 41 added successfully
2023-10-29 16:28:23,830 - debug_logger - DEBUG - Task 42 added successfully
2023-10-29 16:28:23,830 - debug_logger - DEBUG - Task 43 added successfully
2023-10-29 16:28:23,830 - debug_logger - DEBUG - Task 44 added successfully
2023-10-29 16:28:23,830 - debug_logger - DEBUG - Task 45 added successfully
2023-10-29 16:28:23,830 - debug_logger - DEBUG - Task 46 added successfully
2023-10-29 16:28:23,830 - debug_logger - DEBUG - Task 47 added successfully
2023-10-29 16:28:23,830 - debug_logger - DEBUG - Task 48 added successfully
2023-10-29 16:28:23,830 - debug_logger - DEBUG - Task 49 added successfully
2023-10-29 16:28:23,830 - debug_logger - DEBUG - Task 50 added successfully
2023-10-29 16:28:23,830 - debug_logger - DEBUG - Task 51 added successfully
2023-10-29 16:28:23,831 - debug_logger - DEBUG - Task 52 added successfully
2023-10-29 16:28:23,831 - debug_logger - DEBUG - Task 53 added successfully
2023-10-29 16:28:23,831 - debug_logger - DEBUG - Task 54 added successfully
2023-10-29 16:28:23,831 - debug_logger - DEBUG - Task 55 added successfully
2023-10-29 16:28:23,831 - debug_logger - DEBUG - Task 56 added successfully
2023-10-29 16:28:23,831 - debug_logger - DEBUG - Task 57 added successfully
2023-10-29 16:28:23,831 - debug_logger - DEBUG - Task 58 added successfully
2023-10-29 16:28:23,831 - debug_logger - DEBUG - Task 59 added successfully
2023-10-29 16:28:23,831 - debug_logger - DEBUG - Task 60 added successfully
2023-10-29 16:28:23,831 - debug_logger - DEBUG - Task 61 added successfully
2023-10-29 16:28:23,831 - debug_logger - DEBUG - Task 62 added successfully
2023-10-29 16:28:23,831 - debug_logger - DEBUG - Task 63 added successfully
2023-10-29 16:28:23,831 - debug_logger - DEBUG - Task 64 added successfully
2023-10-29 16:28:23,831 - debug_logger - DEBUG - Task 65 added successfully
2023-10-29 16:28:23,831 - debug_logger - DEBUG - Task 66 added successfully
2023-10-29 16:28:23,831 - debug_logger - DEBUG - Task 67 added successfully
2023-10-29 16:28:23,831 - debug_logger - DEBUG - Task 68 added successfully
2023-10-29 16:28:23,832 - debug_logger - DEBUG - Task 69 added successfully
2023-10-29 16:28:23,832 - debug_logger - DEBUG - Task 70 added successfully
2023-10-29 16:28:23,832 - debug_logger - DEBUG - Task 71 added successfully
2023-10-29 16:28:23,832 - debug_logger - DEBUG - Task 72 added successfully
2023-10-29 16:28:23,832 - debug_logger - DEBUG - Task 73 added successfully
2023-10-29 16:28:23,832 - debug_logger - DEBUG - Task 74 added successfully
2023-10-29 16:28:23,832 - debug_logger - DEBUG - Task 75 added successfully
2023-10-29 16:28:23,832 - debug_logger - DEBUG - Task 76 added successfully
2023-10-29 16:28:23,832 - debug_logger - DEBUG - Task 77 added successfully
2023-10-29 16:28:23,832 - debug_logger - DEBUG - Task 78 added successfully
2023-10-29 16:28:23,832 - debug_logger - DEBUG - Task 79 added successfully
2023-10-29 16:28:23,832 - debug_logger - DEBUG - Task 80 added successfully
2023-10-29 16:28:23,832 - debug_logger - DEBUG - Task 81 added successfully
2023-10-29 16:28:23,832 - debug_logger - DEBUG - Task 82 added successfully
2023-10-29 16:28:23,832 - debug_logger - DEBUG - Task 83 added successfully
2023-10-29 16:28:23,832 - debug_logger - DEBUG - Task 84 added successfully
2023-10-29 16:28:23,832 - debug_logger - DEBUG - Task 85 added successfully
2023-10-29 16:28:23,833 - debug_logger - DEBUG - Task 86 added successfully
2023-10-29 16:28:23,833 - debug_logger - DEBUG - Task 87 added successfully
2023-10-29 16:28:23,833 - debug_logger - DEBUG - Task 88 added successfully
2023-10-29 16:28:23,833 - debug_logger - DEBUG - Task 89 added successfully
2023-10-29 16:28:23,833 - debug_logger - DEBUG - Task 90 added successfully
2023-10-29 16:28:23,833 - debug_logger - DEBUG - Task 91 added successfully
2023-10-29 16:28:23,833 - debug_logger - DEBUG - Task 92 added successfully
2023-10-29 16:28:23,833 - debug_logger - DEBUG - Task 93 added successfully
2023-10-29 16:28:23,833 - debug_logger - DEBUG - Task 94 added successfully
2023-10-29 16:28:23,833 - debug_logger - DEBUG - Task 95 added successfully
2023-10-29 16:28:23,833 - debug_logger - DEBUG - Task 96 added successfully
2023-10-29 16:28:23,833 - debug_logger - DEBUG - Task 97 added successfully
2023-10-29 16:28:23,833 - debug_logger - DEBUG - Task 98 added successfully
2023-10-29 16:28:23,833 - debug_logger - DEBUG - Task 99 added successfully
2023-10-29 16:28:23,833 - debug_logger - DEBUG - Task 100 added successfully
2023-10-29 16:28:23,835 - debug_logger - DEBUG - Task 1 added successfully
2023-10-29 16:28:23,836 - debug_logger - DEBUG - Task 1 completed
2023-10-29 16:28:23,836 - debug_logger - DEBUG - Task 1 added successfully
2023-10-29 16:28:23,836 - debug_logger - DEBUG - Task 1 removed successfully
2023-10-29 16:28:23,842 - debug_logger - DEBUG - No tasks
2023-10-29 16:28:23,847 - debug_logger - DEBUG - Task 1 added successfully
2023-10-29 16:28:23,848 - debug_logger - DEBUG - Tasks are displayed
2023-10-29 16:28:23,849 - debug_logger - DEBUG - Tasks are displayed
2023-10-29 16:28:23,852 - debug_logger - DEBUG - Task 1 added successfully
2023-10-29 16:28:23,852 - debug_logger - DEBUG - Task 2 added successfully
2023-10-29 16:28:23,853 - debug_logger - DEBUG - Tasks are displayed
2023-10-29 16:28:23,853 - debug_logger - DEBUG - Tasks are displayed
2023-10-29 16:28:23,855 - debug_logger - DEBUG - Task 1 added successfully
2023-10-29 16:28:23,855 - debug_logger - DEBUG - Task 1 completed
2023-10-29 16:28:23,855 - debug_logger - DEBUG - Tasks are displayed
